#
# There is insufficient memory for the Java Runtime Environment to continue.
# Native memory allocation (malloc) failed to allocate 1064496 bytes for Chunk::new
# Possible reasons:
#   The system is out of physical RAM or swap space
#   The process is running with CompressedOops enabled, and the Java Heap may be blocking the growth of the native heap
# Possible solutions:
#   Reduce memory load on the system
#   Increase physical memory or swap space
#   Check if swap backing store is full
#   Decrease Java heap size (-Xmx/-Xms)
#   Decrease number of Java threads
#   Decrease Java thread stack sizes (-Xss)
#   Set larger code cache with -XX:ReservedCodeCacheSize=
#   JVM is running with Unscaled Compressed Oops mode in which the Java heap is
#     placed in the first 4GB address space. The Java Heap base address is the
#     maximum limit for the native heap growth. Please use -XX:HeapBaseMinAddress
#     to set the Java Heap base and to place the Java Heap above 4GB virtual address.
# This output file may be truncated or incomplete.
#
#  Out of Memory Error (allocation.cpp:389), pid=22964, tid=0x0000000000003d88
#
# JRE version: OpenJDK Runtime Environment (8.0_202-b03) (build 1.8.0_202-release-1483-b03)
# Java VM: OpenJDK 64-Bit Server VM (25.202-b03 mixed mode windows-amd64 compressed oops)
# Failed to write core dump. Minidumps are not enabled by default on client versions of Windows
#

---------------  T H R E A D  ---------------

Current thread (0x0000000016042000):  JavaThread "C2 CompilerThread0" daemon [_thread_in_native, id=15752, stack(0x00000000176d0000,0x00000000177d0000)]

Stack: [0x00000000176d0000,0x00000000177d0000]
[error occurred during error reporting (printing stack bounds), id 0xc0000005]

Native frames: (J=compiled Java code, j=interpreted, Vv=VM code, C=native code)


Current CompileTask:
C2:  47468 7852       4       java.io.ObjectOutputStream::writeClassDesc (60 bytes)


---------------  P R O C E S S  ---------------

Java Threads: ( => current thread )
  0x000000001e963800 JavaThread "Cache worker for execution history cache (C:\Users\tukta\AndroidStudioProjects\NewMotivate\.gradle\5.4.1\executionHistory)" [_thread_blocked, id=17108, stack(0x00000000239b0000,0x0000000023ab0000)]
  0x000000001e962800 JavaThread "Execution worker for ':' Thread 3" [_thread_in_native, id=22756, stack(0x00000000238b0000,0x00000000239b0000)]
  0x0000000018157000 JavaThread "Execution worker for ':' Thread 2" [_thread_blocked, id=23488, stack(0x00000000237b0000,0x00000000238b0000)]
  0x000000001b86a800 JavaThread "Execution worker for ':'" [_thread_blocked, id=4444, stack(0x00000000236b0000,0x00000000237b0000)]
  0x000000001b86a000 JavaThread "Cache worker for file content cache (C:\Users\tukta\AndroidStudioProjects\NewMotivate\.gradle\5.4.1\fileContent)" [_thread_blocked, id=21560, stack(0x00000000233b0000,0x00000000234b0000)]
  0x000000001b86c000 JavaThread "Cache worker for file content cache (C:\Users\tukta\.gradle\caches\5.4.1\fileContent)" [_thread_blocked, id=14568, stack(0x00000000232b0000,0x00000000233b0000)]
  0x000000001b86b800 JavaThread "Cache worker for Build Output Cleanup Cache (C:\Users\tukta\AndroidStudioProjects\NewMotivate\.gradle\buildOutputCleanup)" [_thread_blocked, id=18676, stack(0x0000000022fb0000,0x00000000230b0000)]
  0x000000001b869000 JavaThread "Build operations Thread 4" [_thread_blocked, id=19556, stack(0x0000000022eb0000,0x0000000022fb0000)]
  0x000000001b867000 JavaThread "Build operations Thread 3" [_thread_blocked, id=7976, stack(0x0000000022db0000,0x0000000022eb0000)]
  0x000000001b85f800 JavaThread "Build operations Thread 2" [_thread_blocked, id=8536, stack(0x0000000022cb0000,0x0000000022db0000)]
  0x000000001b85e800 JavaThread "Build operations" [_thread_blocked, id=20044, stack(0x0000000021cb0000,0x0000000021db0000)]
  0x000000001b865800 JavaThread "Cache worker for cache directory md-rule (C:\Users\tukta\.gradle\caches\5.4.1\md-rule)" [_thread_blocked, id=18292, stack(0x00000000215b0000,0x00000000216b0000)]
  0x000000001b864800 JavaThread "Cache worker for cache directory md-supplier (C:\Users\tukta\.gradle\caches\5.4.1\md-supplier)" [_thread_blocked, id=13844, stack(0x00000000214b0000,0x00000000215b0000)]
  0x000000001b85d000 JavaThread "Cache worker for file hash cache (C:\Users\tukta\AndroidStudioProjects\NewMotivate\.gradle\5.4.1\fileHashes)" [_thread_blocked, id=19516, stack(0x00000000213b0000,0x00000000214b0000)]
  0x000000001b85e000 JavaThread "Thread-30" [_thread_blocked, id=23680, stack(0x00000000212b0000,0x00000000213b0000)]
  0x000000001b863000 JavaThread "Stdin handler" [_thread_blocked, id=5520, stack(0x0000000020cb0000,0x0000000020db0000)]
  0x000000001b862800 JavaThread "Asynchronous log dispatcher for DefaultDaemonConnection: socket connection from /127.0.0.1:63378 to /127.0.0.1:63453" [_thread_blocked, id=2852, stack(0x0000000020bb0000,0x0000000020cb0000)]
  0x000000001b864000 JavaThread "Cancel handler" [_thread_blocked, id=20068, stack(0x000000001e0a0000,0x000000001e1a0000)]
  0x000000001b861800 JavaThread "Handler for socket connection from /127.0.0.1:63378 to /127.0.0.1:63453" [_thread_in_native, id=22860, stack(0x000000001a930000,0x000000001aa30000)]
  0x000000001b866000 JavaThread "Memory manager" [_thread_blocked, id=9704, stack(0x00000000227b0000,0x00000000228b0000)]
  0x000000001b861000 JavaThread "Cache worker for execution history cache (C:\Users\tukta\.gradle\caches\5.4.1\executionHistory)" [_thread_blocked, id=8032, stack(0x0000000020fb0000,0x00000000210b0000)]
  0x0000000018158000 JavaThread "Cache worker for journal cache (C:\Users\tukta\.gradle\caches\journal-1)" [_thread_blocked, id=2980, stack(0x000000001ac30000,0x000000001ad30000)]
  0x0000000018153800 JavaThread "File lock request listener" [_thread_in_native, id=22544, stack(0x000000001ab30000,0x000000001ac30000)]
  0x0000000018152000 JavaThread "Cache worker for file hash cache (C:\Users\tukta\.gradle\caches\5.4.1\fileHashes)" [_thread_blocked, id=18348, stack(0x000000001aa30000,0x000000001ab30000)]
  0x00000000193ff000 JavaThread "Daemon worker" [_thread_blocked, id=7340, stack(0x000000001a630000,0x000000001a730000)]
  0x000000001935a000 JavaThread "Daemon" [_thread_blocked, id=1580, stack(0x000000001a130000,0x000000001a230000)]
  0x0000000019353800 JavaThread "Daemon periodic checks" [_thread_blocked, id=8864, stack(0x000000001a030000,0x000000001a130000)]
  0x000000001935d800 JavaThread "Incoming local TCP Connector on port 63378" [_thread_in_native, id=6908, stack(0x0000000019de0000,0x0000000019ee0000)]
  0x0000000018d7f000 JavaThread "Daemon health stats" [_thread_blocked, id=21896, stack(0x00000000197a0000,0x00000000198a0000)]
  0x000000001609d000 JavaThread "Service Thread" daemon [_thread_blocked, id=21184, stack(0x0000000017dd0000,0x0000000017ed0000)]
  0x0000000016098000 JavaThread "C1 CompilerThread2" daemon [_thread_blocked, id=24224, stack(0x00000000178d0000,0x00000000179d0000)]
  0x0000000016062800 JavaThread "C2 CompilerThread1" daemon [_thread_blocked, id=22448, stack(0x00000000177d0000,0x00000000178d0000)]
=>0x0000000016042000 JavaThread "C2 CompilerThread0" daemon [_thread_in_native, id=15752, stack(0x00000000176d0000,0x00000000177d0000)]
  0x0000000016040800 JavaThread "Attach Listener" daemon [_thread_blocked, id=7788, stack(0x00000000175d0000,0x00000000176d0000)]
  0x0000000016047000 JavaThread "Signal Dispatcher" daemon [_thread_blocked, id=14840, stack(0x00000000174d0000,0x00000000175d0000)]
  0x00000000026cb000 JavaThread "Finalizer" daemon [_thread_blocked, id=4116, stack(0x00000000172c0000,0x00000000173c0000)]
  0x0000000016029000 JavaThread "Reference Handler" daemon [_thread_blocked, id=6020, stack(0x00000000171c0000,0x00000000172c0000)]
  0x00000000024be800 JavaThread "main" [_thread_blocked, id=10856, stack(0x00000000024d0000,0x00000000025d0000)]

Other Threads:
  0x0000000016006800 VMThread [stack: 0x00000000170c0000,0x00000000171c0000] [id=7536]
  0x000000001609e800 WatcherThread [stack: 0x0000000017ed0000,0x0000000017fd0000] [id=13012]

VM state:not at safepoint (normal execution)

VM Mutex/Monitor currently owned by a thread: None

heap address: 0x00000000a0000000, size: 1536 MB, Compressed Oops mode: 32-bit
Narrow klass base: 0x0000000000000000, Narrow klass shift: 3
Compressed class space size: 1073741824 Address: 0x0000000100000000

Heap:
 PSYoungGen      total 175616K, used 66317K [0x00000000e0000000, 0x00000000ec480000, 0x0000000100000000)
  eden space 159232K, 32% used [0x00000000e0000000,0x00000000e32aca80,0x00000000e9b80000)
  from space 16384K, 88% used [0x00000000eb480000,0x00000000ec2969c0,0x00000000ec480000)
  to   space 20992K, 0% used [0x00000000e9b80000,0x00000000e9b80000,0x00000000eb000000)
 ParOldGen       total 132096K, used 33410K [0x00000000a0000000, 0x00000000a8100000, 0x00000000e0000000)
  object space 132096K, 25% used [0x00000000a0000000,0x00000000a20a0968,0x00000000a8100000)
 Metaspace       used 63717K, capacity 65538K, committed 65752K, reserved 1105920K
  class space    used 8398K, capacity 8844K, committed 8960K, reserved 1048576K

Card table byte_map: [0x0000000011a90000,0x0000000011da0000] byte_map_base: 0x0000000011590000

Marking Bits: (ParMarkBitMap*) 0x0000000071029f30
 Begin Bits: [0x00000000123a0000, 0x0000000013ba0000)
 End Bits:   [0x0000000013ba0000, 0x00000000153a0000)

Polling page: 0x0000000000cf0000

CodeCache: size=245760Kb used=21699Kb max_used=21719Kb free=224061Kb
 bounds [0x00000000026d0000, 0x0000000003c20000, 0x00000000116d0000]
 total_blobs=7792 nmethods=6999 adapters=704
 compilation: enabled

Compilation events (10 events):
Event: 47.330 Thread 0x0000000016098000 nmethod 7876 0x0000000003c07150 code [0x0000000003c072a0, 0x0000000003c073b0]
Event: 47.330 Thread 0x0000000016098000 7877       3       org.gradle.internal.fingerprint.impl.AbstractFileSystemLocationFingerprint::hashCode (23 bytes)
Event: 47.330 Thread 0x0000000016098000 nmethod 7877 0x0000000003c06b50 code [0x0000000003c06ce0, 0x0000000003c07008]
Event: 47.336 Thread 0x0000000016098000 7878       1       com.google.common.collect.AbstractMapBasedMultimap$WrappedCollection::getDelegate (5 bytes)
Event: 47.336 Thread 0x0000000016098000 nmethod 7878 0x0000000003c06890 code [0x0000000003c069e0, 0x0000000003c06af0]
Event: 47.336 Thread 0x0000000016098000 7879       3       org.gradle.internal.fingerprint.impl.AbstractFileSystemLocationFingerprint::equals (63 bytes)
Event: 47.337 Thread 0x0000000016098000 nmethod 7879 0x0000000003c05d90 code [0x0000000003c05f40, 0x0000000003c066b8]
Event: 47.340 Thread 0x0000000016098000 7880       3       java.lang.invoke.MethodHandles$Lookup::findBoundCallerClass (36 bytes)
Event: 47.341 Thread 0x0000000016098000 nmethod 7880 0x0000000003c09750 code [0x0000000003c09940, 0x0000000003c0a2b8]
Event: 47.454 Thread 0x0000000016062800 nmethod 7863 0x0000000003c153d0 code [0x0000000003c157a0, 0x0000000003c17b38]

GC Heap History (10 events):
Event: 16.790 GC heap before
{Heap before GC invocations=11 (full 2):
 PSYoungGen      total 119296K, used 105984K [0x00000000e0000000, 0x00000000e8b00000, 0x0000000100000000)
  eden space 105984K, 100% used [0x00000000e0000000,0x00000000e6780000,0x00000000e6780000)
  from space 13312K, 0% used [0x00000000e7480000,0x00000000e7480000,0x00000000e8180000)
  to   space 13312K, 0% used [0x00000000e6780000,0x00000000e6780000,0x00000000e7480000)
 ParOldGen       total 132096K, used 16808K [0x00000000a0000000, 0x00000000a8100000, 0x00000000e0000000)
  object space 132096K, 12% used [0x00000000a0000000,0x00000000a106a2c8,0x00000000a8100000)
 Metaspace       used 45138K, capacity 46070K, committed 46296K, reserved 1089536K
  class space    used 6070K, capacity 6359K, committed 6400K, reserved 1048576K
Event: 16.829 GC heap after
Heap after GC invocations=11 (full 2):
 PSYoungGen      total 119296K, used 13302K [0x00000000e0000000, 0x00000000ea380000, 0x0000000100000000)
  eden space 105984K, 0% used [0x00000000e0000000,0x00000000e0000000,0x00000000e6780000)
  from space 13312K, 99% used [0x00000000e6780000,0x00000000e747d9d8,0x00000000e7480000)
  to   space 15360K, 0% used [0x00000000e9480000,0x00000000e9480000,0x00000000ea380000)
 ParOldGen       total 132096K, used 17955K [0x00000000a0000000, 0x00000000a8100000, 0x00000000e0000000)
  object space 132096K, 13% used [0x00000000a0000000,0x00000000a1188f98,0x00000000a8100000)
 Metaspace       used 45138K, capacity 46070K, committed 46296K, reserved 1089536K
  class space    used 6070K, capacity 6359K, committed 6400K, reserved 1048576K
}
Event: 26.732 GC heap before
{Heap before GC invocations=12 (full 2):
 PSYoungGen      total 119296K, used 119286K [0x00000000e0000000, 0x00000000ea380000, 0x0000000100000000)
  eden space 105984K, 100% used [0x00000000e0000000,0x00000000e6780000,0x00000000e6780000)
  from space 13312K, 99% used [0x00000000e6780000,0x00000000e747d9d8,0x00000000e7480000)
  to   space 15360K, 0% used [0x00000000e9480000,0x00000000e9480000,0x00000000ea380000)
 ParOldGen       total 132096K, used 17955K [0x00000000a0000000, 0x00000000a8100000, 0x00000000e0000000)
  object space 132096K, 13% used [0x00000000a0000000,0x00000000a1188f98,0x00000000a8100000)
 Metaspace       used 53996K, capacity 55410K, committed 55512K, reserved 1097728K
  class space    used 7276K, capacity 7666K, committed 7680K, reserved 1048576K
Event: 26.756 GC heap after
Heap after GC invocations=12 (full 2):
 PSYoungGen      total 148480K, used 15342K [0x00000000e0000000, 0x00000000ea600000, 0x0000000100000000)
  eden space 133120K, 0% used [0x00000000e0000000,0x00000000e0000000,0x00000000e8200000)
  from space 15360K, 99% used [0x00000000e9480000,0x00000000ea37bbe0,0x00000000ea380000)
  to   space 18432K, 0% used [0x00000000e8200000,0x00000000e8200000,0x00000000e9400000)
 ParOldGen       total 132096K, used 21512K [0x00000000a0000000, 0x00000000a8100000, 0x00000000e0000000)
  object space 132096K, 16% used [0x00000000a0000000,0x00000000a1502368,0x00000000a8100000)
 Metaspace       used 53996K, capacity 55410K, committed 55512K, reserved 1097728K
  class space    used 7276K, capacity 7666K, committed 7680K, reserved 1048576K
}
Event: 29.940 GC heap before
{Heap before GC invocations=13 (full 2):
 PSYoungGen      total 148480K, used 66150K [0x00000000e0000000, 0x00000000ea600000, 0x0000000100000000)
  eden space 133120K, 38% used [0x00000000e0000000,0x00000000e319dec8,0x00000000e8200000)
  from space 15360K, 99% used [0x00000000e9480000,0x00000000ea37bbe0,0x00000000ea380000)
  to   space 18432K, 0% used [0x00000000e8200000,0x00000000e8200000,0x00000000e9400000)
 ParOldGen       total 132096K, used 21512K [0x00000000a0000000, 0x00000000a8100000, 0x00000000e0000000)
  object space 132096K, 16% used [0x00000000a0000000,0x00000000a1502368,0x00000000a8100000)
 Metaspace       used 57105K, capacity 58850K, committed 58968K, reserved 1099776K
  class space    used 7772K, capacity 8204K, committed 8320K, reserved 1048576K
Event: 29.963 GC heap after
Heap after GC invocations=13 (full 2):
 PSYoungGen      total 151552K, used 17968K [0x00000000e0000000, 0x00000000ec880000, 0x0000000100000000)
  eden space 133120K, 0% used [0x00000000e0000000,0x00000000e0000000,0x00000000e8200000)
  from space 18432K, 97% used [0x00000000e8200000,0x00000000e938c328,0x00000000e9400000)
  to   space 20480K, 0% used [0x00000000eb480000,0x00000000eb480000,0x00000000ec880000)
 ParOldGen       total 132096K, used 21520K [0x00000000a0000000, 0x00000000a8100000, 0x00000000e0000000)
  object space 132096K, 16% used [0x00000000a0000000,0x00000000a1504368,0x00000000a8100000)
 Metaspace       used 57105K, capacity 58850K, committed 58968K, reserved 1099776K
  class space    used 7772K, capacity 8204K, committed 8320K, reserved 1048576K
}
Event: 29.963 GC heap before
{Heap before GC invocations=14 (full 3):
 PSYoungGen      total 151552K, used 17968K [0x00000000e0000000, 0x00000000ec880000, 0x0000000100000000)
  eden space 133120K, 0% used [0x00000000e0000000,0x00000000e0000000,0x00000000e8200000)
  from space 18432K, 97% used [0x00000000e8200000,0x00000000e938c328,0x00000000e9400000)
  to   space 20480K, 0% used [0x00000000eb480000,0x00000000eb480000,0x00000000ec880000)
 ParOldGen       total 132096K, used 21520K [0x00000000a0000000, 0x00000000a8100000, 0x00000000e0000000)
  object space 132096K, 16% used [0x00000000a0000000,0x00000000a1504368,0x00000000a8100000)
 Metaspace       used 57105K, capacity 58850K, committed 58968K, reserved 1099776K
  class space    used 7772K, capacity 8204K, committed 8320K, reserved 1048576K
Event: 30.286 GC heap after
Heap after GC invocations=14 (full 3):
 PSYoungGen      total 151552K, used 0K [0x00000000e0000000, 0x00000000ec880000, 0x0000000100000000)
  eden space 133120K, 0% used [0x00000000e0000000,0x00000000e0000000,0x00000000e8200000)
  from space 18432K, 0% used [0x00000000e8200000,0x00000000e8200000,0x00000000e9400000)
  to   space 20480K, 0% used [0x00000000eb480000,0x00000000eb480000,0x00000000ec880000)
 ParOldGen       total 132096K, used 33402K [0x00000000a0000000, 0x00000000a8100000, 0x00000000e0000000)
  object space 132096K, 25% used [0x00000000a0000000,0x00000000a209e968,0x00000000a8100000)
 Metaspace       used 57021K, capacity 58592K, committed 58968K, reserved 1099776K
  class space    used 7745K, capacity 8157K, committed 8320K, reserved 1048576K
}
Event: 45.854 GC heap before
{Heap before GC invocations=15 (full 3):
 PSYoungGen      total 151552K, used 133120K [0x00000000e0000000, 0x00000000ec880000, 0x0000000100000000)
  eden space 133120K, 100% used [0x00000000e0000000,0x00000000e8200000,0x00000000e8200000)
  from space 18432K, 0% used [0x00000000e8200000,0x00000000e8200000,0x00000000e9400000)
  to   space 20480K, 0% used [0x00000000eb480000,0x00000000eb480000,0x00000000ec880000)
 ParOldGen       total 132096K, used 33402K [0x00000000a0000000, 0x00000000a8100000, 0x00000000e0000000)
  object space 132096K, 25% used [0x00000000a0000000,0x00000000a209e968,0x00000000a8100000)
 Metaspace       used 63217K, capacity 65008K, committed 65112K, reserved 1105920K
  class space    used 8331K, capacity 8805K, committed 8832K, reserved 1048576K
Event: 45.880 GC heap after
Heap after GC invocations=15 (full 3):
 PSYoungGen      total 175616K, used 14426K [0x00000000e0000000, 0x00000000ec480000, 0x0000000100000000)
  eden space 159232K, 0% used [0x00000000e0000000,0x00000000e0000000,0x00000000e9b80000)
  from space 16384K, 88% used [0x00000000eb480000,0x00000000ec2969c0,0x00000000ec480000)
  to   space 20992K, 0% used [0x00000000e9b80000,0x00000000e9b80000,0x00000000eb000000)
 ParOldGen       total 132096K, used 33410K [0x00000000a0000000, 0x00000000a8100000, 0x00000000e0000000)
  object space 132096K, 25% used [0x00000000a0000000,0x00000000a20a0968,0x00000000a8100000)
 Metaspace       used 63217K, capacity 65008K, committed 65112K, reserved 1105920K
  class space    used 8331K, capacity 8805K, committed 8832K, reserved 1048576K
}

Deoptimization events (10 events):
Event: 44.514 Thread 0x00000000193ff000 Uncommon trap: reason=class_check action=maybe_recompile pc=0x0000000003991de0 method=org.gradle.api.internal.attributes.DefaultImmutableAttributes.equals(Ljava/lang/Object;)Z @ 92
Event: 44.514 Thread 0x00000000193ff000 Uncommon trap: reason=class_check action=maybe_recompile pc=0x0000000003991de0 method=org.gradle.api.internal.attributes.DefaultImmutableAttributes.equals(Ljava/lang/Object;)Z @ 92
Event: 44.514 Thread 0x00000000193ff000 Uncommon trap: reason=class_check action=maybe_recompile pc=0x0000000003991de0 method=org.gradle.api.internal.attributes.DefaultImmutableAttributes.equals(Ljava/lang/Object;)Z @ 92
Event: 44.514 Thread 0x00000000193ff000 Uncommon trap: reason=class_check action=maybe_recompile pc=0x0000000003991de0 method=org.gradle.api.internal.attributes.DefaultImmutableAttributes.equals(Ljava/lang/Object;)Z @ 92
Event: 45.259 Thread 0x000000001b86a800 Uncommon trap: reason=null_check action=make_not_entrant pc=0x00000000028f8730 method=sun.nio.fs.NativeBuffers.getNativeBufferFromCache(I)Lsun/nio/fs/NativeBuffer; @ 6
Event: 45.259 Thread 0x000000001b86a800 Uncommon trap: reason=null_check action=make_not_entrant pc=0x000000000307bf9c method=sun.nio.fs.NativeBuffers.releaseNativeBuffer(Lsun/nio/fs/NativeBuffer;)V @ 6
Event: 45.887 Thread 0x0000000018157000 Uncommon trap: reason=unstable_if action=reinterpret pc=0x0000000002ba554c method=com.google.common.collect.MapMakerInternalMap$Segment.getEntry(Ljava/lang/Object;I)Lcom/google/common/collect/MapMakerInternalMap$InternalEntry; @ 40
Event: 46.343 Thread 0x000000001b86a800 Uncommon trap: reason=unstable_if action=reinterpret pc=0x0000000003144d04 method=java.util.concurrent.ConcurrentLinkedQueue.poll()Ljava/lang/Object; @ 25
Event: 47.300 Thread 0x000000001e962800 Uncommon trap: reason=unstable_if action=reinterpret pc=0x0000000003bfad08 method=org.gradle.api.internal.changedetection.state.CachingFileHasher.snapshot(Ljava/io/File;JJ)Lorg/gradle/api/internal/changedetection/state/CachingFileHasher$FileInfo; @ 48
Event: 47.335 Thread 0x000000001e962800 Uncommon trap: reason=unstable_if action=reinterpret pc=0x00000000031c9434 method=com.google.common.collect.ImmutableCollection$ArrayBasedBuilder.getReadyToExpandTo(I)V @ 41

Classes redefined (0 events):
No events

Internal exceptions (10 events):
Event: 43.421 Thread 0x00000000193ff000 Exception <a 'java/lang/NoSuchMethodError': <clinit>> (0x00000000e425cae8) thrown at [D:\src\AOSP-openjdk-cygwin\jdk8u\hotspot\src\share\vm\prims\jni.cpp, line 1614]
Event: 43.427 Thread 0x00000000193ff000 Implicit null exception at 0x000000000361a7ef to 0x000000000361a88d
Event: 43.427 Thread 0x00000000193ff000 Implicit null exception at 0x000000000303d4ef to 0x000000000303d58d
Event: 44.058 Thread 0x00000000193ff000 Exception <a 'java/lang/NoSuchMethodError': java.lang.Object.lambda$static$0(Ljava/util/Set;Ljava/util/Set;)Z> (0x00000000e56392e8) thrown at [D:\src\AOSP-openjdk-cygwin\jdk8u\hotspot\src\share\vm\interpreter\linkResolver.cpp, line 620]
Event: 44.058 Thread 0x00000000193ff000 Exception <a 'java/lang/NoSuchMethodError': java.lang.Object.lambda$static$1(Ljava/util/Set;Ljava/util/Set;)Z> (0x00000000e563c258) thrown at [D:\src\AOSP-openjdk-cygwin\jdk8u\hotspot\src\share\vm\interpreter\linkResolver.cpp, line 620]
Event: 44.059 Thread 0x00000000193ff000 Exception <a 'java/lang/NoSuchMethodError': java.lang.Object.lambda$static$2(Ljava/util/Set;Ljava/util/Set;)Z> (0x00000000e563ed98) thrown at [D:\src\AOSP-openjdk-cygwin\jdk8u\hotspot\src\share\vm\interpreter\linkResolver.cpp, line 620]
Event: 44.059 Thread 0x00000000193ff000 Exception <a 'java/lang/NoSuchMethodError': java.lang.Object.lambda$static$3(Ljava/util/Set;Ljava/util/Set;)Z> (0x00000000e56418d8) thrown at [D:\src\AOSP-openjdk-cygwin\jdk8u\hotspot\src\share\vm\interpreter\linkResolver.cpp, line 620]
Event: 44.059 Thread 0x00000000193ff000 Exception <a 'java/lang/NoSuchMethodError': java.lang.Object.lambda$static$4(Ljava/util/Set;Ljava/util/Set;)Z> (0x00000000e5644418) thrown at [D:\src\AOSP-openjdk-cygwin\jdk8u\hotspot\src\share\vm\interpreter\linkResolver.cpp, line 620]
Event: 45.259 Thread 0x000000001b86a800 Implicit null exception at 0x000000000307bcbb to 0x000000000307bf8c
Event: 45.887 Thread 0x0000000018157000 Implicit null exception at 0x0000000002ba3642 to 0x0000000002ba5525

Events (10 events):
Event: 47.445 loading class com/android/ide/common/resources/configuration/Configurable
Event: 47.445 loading class com/android/ide/common/resources/configuration/Configurable done
Event: 47.446 loading class com/android/ide/common/resources/DataItem
Event: 47.446 loading class com/android/ide/common/resources/DataItem done
Event: 47.446 loading class com/android/ide/common/resources/MergedResourceMergerItem
Event: 47.446 loading class com/android/ide/common/resources/MergedResourceMergerItem done
Event: 47.447 loading class com/android/ide/common/resources/SourcelessResourceMergerItem
Event: 47.447 loading class com/android/ide/common/resources/SourcelessResourceMergerItem done
Event: 47.447 loading class com/google/common/collect/Table
Event: 47.447 loading class com/google/common/collect/Table done


Dynamic libraries:
0x00007ff7ac180000 - 0x00007ff7ac1b1000 	C:\Program Files\Android\Android Studio\jre\bin\java.exe
0x00007ffc3e3e0000 - 0x00007ffc3e5d0000 	C:\WINDOWS\SYSTEM32\ntdll.dll
0x00007ffc3e2e0000 - 0x00007ffc3e392000 	C:\WINDOWS\System32\KERNEL32.DLL
0x00007ffc3b820000 - 0x00007ffc3bac3000 	C:\WINDOWS\System32\KERNELBASE.dll
0x00007ffc3e160000 - 0x00007ffc3e203000 	C:\WINDOWS\System32\ADVAPI32.dll
0x00007ffc3e220000 - 0x00007ffc3e2be000 	C:\WINDOWS\System32\msvcrt.dll
0x00007ffc3d650000 - 0x00007ffc3d6e7000 	C:\WINDOWS\System32\sechost.dll
0x00007ffc3c4c0000 - 0x00007ffc3c5e0000 	C:\WINDOWS\System32\RPCRT4.dll
0x00007ffc3c7a0000 - 0x00007ffc3c934000 	C:\WINDOWS\System32\USER32.dll
0x00007ffc3b490000 - 0x00007ffc3b4b1000 	C:\WINDOWS\System32\win32u.dll
0x00007ffc3c490000 - 0x00007ffc3c4b6000 	C:\WINDOWS\System32\GDI32.dll
0x00007ffc3b520000 - 0x00007ffc3b6b4000 	C:\WINDOWS\System32\gdi32full.dll
0x00007ffc3bc70000 - 0x00007ffc3bd0e000 	C:\WINDOWS\System32\msvcp_win.dll
0x00007ffc3b370000 - 0x00007ffc3b46a000 	C:\WINDOWS\System32\ucrtbase.dll
0x00007ffc33430000 - 0x00007ffc336b5000 	C:\WINDOWS\WinSxS\amd64_microsoft.windows.common-controls_6595b64144ccf1df_6.0.18362.778_none_e6c6b761130d4fb8\COMCTL32.dll
0x00007ffc3d2a0000 - 0x00007ffc3d5d6000 	C:\WINDOWS\System32\combase.dll
0x00007ffc3b6f0000 - 0x00007ffc3b770000 	C:\WINDOWS\System32\bcryptPrimitives.dll
0x00007ffc3d1a0000 - 0x00007ffc3d1ce000 	C:\WINDOWS\System32\IMM32.DLL
0x00000000706a0000 - 0x0000000070772000 	C:\Program Files\Android\Android Studio\jre\jre\bin\msvcr100.dll
0x0000000070860000 - 0x00000000710a6000 	C:\Program Files\Android\Android Studio\jre\jre\bin\server\jvm.dll
0x00007ffc3e210000 - 0x00007ffc3e218000 	C:\WINDOWS\System32\PSAPI.DLL
0x00007ffc32bc0000 - 0x00007ffc32bc9000 	C:\WINDOWS\SYSTEM32\WSOCK32.dll
0x00007ffc3d5e0000 - 0x00007ffc3d64f000 	C:\WINDOWS\System32\WS2_32.dll
0x00007ffc314a0000 - 0x00007ffc314c4000 	C:\WINDOWS\SYSTEM32\WINMM.dll
0x00007ffc36750000 - 0x00007ffc3675a000 	C:\WINDOWS\SYSTEM32\VERSION.dll
0x00007ffc31470000 - 0x00007ffc3149d000 	C:\WINDOWS\SYSTEM32\winmmbase.dll
0x00007ffc3bc20000 - 0x00007ffc3bc6a000 	C:\WINDOWS\System32\cfgmgr32.dll
0x00007ffc30b10000 - 0x00007ffc30b1f000 	C:\Program Files\Android\Android Studio\jre\jre\bin\verify.dll
0x00007ffc2ef70000 - 0x00007ffc2ef99000 	C:\Program Files\Android\Android Studio\jre\jre\bin\java.dll
0x00007ffc30af0000 - 0x00007ffc30b06000 	C:\Program Files\Android\Android Studio\jre\jre\bin\zip.dll
0x00007ffc3da00000 - 0x00007ffc3e0e5000 	C:\WINDOWS\System32\SHELL32.dll
0x00007ffc3cb30000 - 0x00007ffc3cbd9000 	C:\WINDOWS\System32\shcore.dll
0x00007ffc3bd10000 - 0x00007ffc3c490000 	C:\WINDOWS\System32\windows.storage.dll
0x00007ffc3b340000 - 0x00007ffc3b363000 	C:\WINDOWS\System32\profapi.dll
0x00007ffc3b2d0000 - 0x00007ffc3b31a000 	C:\WINDOWS\System32\powrprof.dll
0x00007ffc3b2a0000 - 0x00007ffc3b2b0000 	C:\WINDOWS\System32\UMPDC.dll
0x00007ffc3c740000 - 0x00007ffc3c792000 	C:\WINDOWS\System32\shlwapi.dll
0x00007ffc3b320000 - 0x00007ffc3b331000 	C:\WINDOWS\System32\kernel.appcore.dll
0x00007ffc3b470000 - 0x00007ffc3b487000 	C:\WINDOWS\System32\cryptsp.dll
0x00007ffc2f000000 - 0x00007ffc2f01a000 	C:\Program Files\Android\Android Studio\jre\jre\bin\net.dll
0x00007ffc3ab10000 - 0x00007ffc3ab77000 	C:\WINDOWS\system32\mswsock.dll
0x00007ffc2d8a0000 - 0x00007ffc2d8b1000 	C:\Program Files\Android\Android Studio\jre\jre\bin\nio.dll
0x00007ffc2eec0000 - 0x00007ffc2eee6000 	C:\Users\tukta\.gradle\native\29\windows-amd64\native-platform.dll
0x00007ffc2f6a0000 - 0x00007ffc2f6ad000 	C:\Program Files\Android\Android Studio\jre\jre\bin\management.dll
0x00007ffc3a680000 - 0x00007ffc3a6b3000 	C:\WINDOWS\system32\rsaenh.dll
0x00007ffc3b6c0000 - 0x00007ffc3b6e6000 	C:\WINDOWS\System32\bcrypt.dll
0x00007ffc3b190000 - 0x00007ffc3b1b5000 	C:\WINDOWS\SYSTEM32\USERENV.dll
0x00007ffc3ace0000 - 0x00007ffc3acec000 	C:\WINDOWS\SYSTEM32\CRYPTBASE.dll
0x00007ffc3a820000 - 0x00007ffc3a85a000 	C:\WINDOWS\SYSTEM32\IPHLPAPI.DLL
0x00007ffc3d190000 - 0x00007ffc3d198000 	C:\WINDOWS\System32\NSI.dll
0x00007ffc35dc0000 - 0x00007ffc35dd6000 	C:\WINDOWS\SYSTEM32\dhcpcsvc6.DLL
0x00007ffc35e50000 - 0x00007ffc35e6c000 	C:\WINDOWS\SYSTEM32\dhcpcsvc.DLL
0x00007ffc3a8b0000 - 0x00007ffc3a97a000 	C:\WINDOWS\SYSTEM32\DNSAPI.dll

VM Arguments:
jvm_args: -Xmx1536m -Dfile.encoding=windows-1251 -Duser.country=RU -Duser.language=ru -Duser.variant 
java_command: org.gradle.launcher.daemon.bootstrap.GradleDaemon 5.4.1
java_class_path (initial): C:\Users\tukta\.gradle\wrapper\dists\gradle-5.4.1-all\3221gyojl5jsh0helicew7rwx\gradle-5.4.1\lib\gradle-launcher-5.4.1.jar
Launcher Type: SUN_STANDARD

Environment Variables:
PATH=C:\Program Files (x86)\Intel\iCLS Client\;C:\Program Files\Intel\iCLS Client\;C:\Program Files (x86)\Common Files\Oracle\Java\javapath;C:\ProgramData\Oracle\Java\javapath;C:\Program Files\Broadcom\Broadcom 802.11 Network Adapter;C:\WINDOWS\system32;C:\WINDOWS;C:\WINDOWS\System32\Wbem;C:\WINDOWS\System32\WindowsPowerShell\v1.0\;C:\Program Files (x86)\GtkSharp\2.12\bin;C:\WINDOWS\System32\OpenSSH\;C:\webdrivers;C:\Program Files (x86)\Intel\Intel(R) Management Engine Components\DAL;C:\Program Files\Intel\Intel(R) Management Engine Components\DAL;C:\Program Files (x86)\Intel\Intel(R) Management Engine Components\IPT;C:\Program Files\Intel\Intel(R) Management Engine Components\IPT;C:\Program Files\Git\cmd;C:\Program Files\nodejs\;C:\Users\tukta\AppData\Local\Microsoft\WindowsApps;C:\Users\tukta\AppData\Local\GitHubDesktop\bin;C:\Users\tukta\AppData\Local\Microsoft\WindowsApps;C:\Users\tukta\AppData\Roaming\npm;C:\Users\tukta\AppData\Local\atom\bin;C:\Program Files\heroku\bin;C:\Program Files\PostgreSQL\9.6\bin;
USERNAME=tukta
OS=Windows_NT
PROCESSOR_IDENTIFIER=Intel64 Family 6 Model 78 Stepping 3, GenuineIntel



---------------  S Y S T E M  ---------------

OS: Windows 10.0 , 64 bit Build 18362 (10.0.18362.778)

CPU:total 4 (initial active 4) (2 cores per cpu, 2 threads per core) family 6 model 78 stepping 3, cmov, cx8, fxsr, mmx, sse, sse2, sse3, ssse3, sse4.1, sse4.2, popcnt, avx, avx2, aes, clmul, erms, 3dnowpref, lzcnt, ht, tsc, tscinvbit, bmi1, bmi2, adx

Memory: 4k page, physical 12471200k(2052648k free), swap 14568352k(5572k free)

vm_info: OpenJDK 64-Bit Server VM (25.202-b03) for windows-amd64 JRE (1.8.0_202-release-1483-b03), built by "builder" with MS VC++ 10.0 (VS2010)

time: Sun May 24 11:14:43 2020
timezone: RTZ 2 (зима)
elapsed time: 47 seconds (0d 0h 0m 47s)

