#
# There is insufficient memory for the Java Runtime Environment to continue.
# Native memory allocation (malloc) failed to allocate 1834256 bytes for Chunk::new
# Possible reasons:
#   The system is out of physical RAM or swap space
#   The process is running with CompressedOops enabled, and the Java Heap may be blocking the growth of the native heap
# Possible solutions:
#   Reduce memory load on the system
#   Increase physical memory or swap space
#   Check if swap backing store is full
#   Decrease Java heap size (-Xmx/-Xms)
#   Decrease number of Java threads
#   Decrease Java thread stack sizes (-Xss)
#   Set larger code cache with -XX:ReservedCodeCacheSize=
#   JVM is running with Unscaled Compressed Oops mode in which the Java heap is
#     placed in the first 4GB address space. The Java Heap base address is the
#     maximum limit for the native heap growth. Please use -XX:HeapBaseMinAddress
#     to set the Java Heap base and to place the Java Heap above 4GB virtual address.
# This output file may be truncated or incomplete.
#
#  Out of Memory Error (allocation.cpp:389), pid=22860, tid=0x00000000000043a8
#
# JRE version: OpenJDK Runtime Environment (8.0_202-b03) (build 1.8.0_202-release-1483-b03)
# Java VM: OpenJDK 64-Bit Server VM (25.202-b03 mixed mode windows-amd64 compressed oops)
# Failed to write core dump. Minidumps are not enabled by default on client versions of Windows
#

---------------  T H R E A D  ---------------

Current thread (0x00000000168fb800):  JavaThread "C2 CompilerThread1" daemon [_thread_in_native, id=17320, stack(0x0000000018060000,0x0000000018160000)]

Stack: [0x0000000018060000,0x0000000018160000]
[error occurred during error reporting (printing stack bounds), id 0xc0000005]

Native frames: (J=compiled Java code, j=interpreted, Vv=VM code, C=native code)


Current CompileTask:
C2:  19864 4122   !   4       com.sun.beans.TypeResolver::resolve (274 bytes)


---------------  P R O C E S S  ---------------

Java Threads: ( => current thread )
  0x000000001fc71800 JavaThread "Cache worker for Build Output Cleanup Cache (C:\Users\tukta\AndroidStudioProjects\NewMotivate\.gradle\buildOutputCleanup)" [_thread_blocked, id=9004, stack(0x0000000020ce0000,0x0000000020de0000)]
  0x000000001fc6e800 JavaThread "Build operations Thread 4" [_thread_blocked, id=13240, stack(0x0000000020be0000,0x0000000020ce0000)]
  0x000000001fc6d800 JavaThread "Build operations Thread 3" [_thread_blocked, id=23696, stack(0x0000000020ae0000,0x0000000020be0000)]
  0x000000001fc72000 JavaThread "Build operations Thread 2" [_thread_blocked, id=19964, stack(0x00000000208c0000,0x00000000209c0000)]
  0x000000001fc70800 JavaThread "Build operations" [_thread_blocked, id=22516, stack(0x00000000207c0000,0x00000000208c0000)]
  0x000000001fc6a800 JavaThread "Cache worker for execution history cache (C:\Users\tukta\.gradle\caches\5.4.1\executionHistory)" [_thread_blocked, id=2796, stack(0x00000000204c0000,0x00000000205c0000)]
  0x000000001fc6f000 JavaThread "Cache worker for cache directory md-rule (C:\Users\tukta\.gradle\caches\5.4.1\md-rule)" [_thread_blocked, id=19476, stack(0x00000000209e0000,0x0000000020ae0000)]
  0x0000000018a59800 JavaThread "Cache worker for cache directory md-supplier (C:\Users\tukta\.gradle\caches\5.4.1\md-supplier)" [_thread_blocked, id=17596, stack(0x0000000020ff0000,0x00000000210f0000)]
  0x0000000018a59000 JavaThread "Cache worker for file hash cache (C:\Users\tukta\AndroidStudioProjects\NewMotivate\.gradle\5.4.1\fileHashes)" [_thread_blocked, id=22376, stack(0x000000001e930000,0x000000001ea30000)]
  0x0000000018a56800 JavaThread "Cache worker for journal cache (C:\Users\tukta\.gradle\caches\journal-1)" [_thread_blocked, id=13720, stack(0x000000001b6c0000,0x000000001b7c0000)]
  0x0000000018a55000 JavaThread "File lock request listener" [_thread_in_native, id=16100, stack(0x000000001b3c0000,0x000000001b4c0000)]
  0x0000000018a56000 JavaThread "Cache worker for file hash cache (C:\Users\tukta\.gradle\caches\5.4.1\fileHashes)" [_thread_blocked, id=14808, stack(0x000000001b2c0000,0x000000001b3c0000)]
  0x0000000019ba9800 JavaThread "Thread-9" [_thread_blocked, id=17420, stack(0x000000001b1c0000,0x000000001b2c0000)]
  0x0000000019ba8800 JavaThread "Stdin handler" [_thread_blocked, id=8488, stack(0x000000001b0c0000,0x000000001b1c0000)]
  0x0000000019ba7800 JavaThread "Asynchronous log dispatcher for DefaultDaemonConnection: socket connection from /127.0.0.1:63237 to /127.0.0.1:63238" [_thread_blocked, id=24264, stack(0x000000001afc0000,0x000000001b0c0000)]
  0x0000000019b90800 JavaThread "Daemon worker" [_thread_in_native, id=4332, stack(0x000000001aec0000,0x000000001afc0000)]
  0x0000000019b8f000 JavaThread "Cancel handler" [_thread_blocked, id=5692, stack(0x000000001adc0000,0x000000001aec0000)]
  0x0000000019b43800 JavaThread "Handler for socket connection from /127.0.0.1:63237 to /127.0.0.1:63238" [_thread_in_native, id=21212, stack(0x000000001aac0000,0x000000001abc0000)]
  0x0000000019b46800 JavaThread "Daemon periodic checks" [_thread_blocked, id=8856, stack(0x000000001a9c0000,0x000000001aac0000)]
  0x0000000019b45800 JavaThread "Daemon" [_thread_blocked, id=1280, stack(0x000000001a8c0000,0x000000001a9c0000)]
  0x0000000019ae3800 JavaThread "Incoming local TCP Connector on port 63237" [_thread_in_native, id=18116, stack(0x000000001a670000,0x000000001a770000)]
  0x00000000199e4000 JavaThread "Daemon health stats" [_thread_blocked, id=18728, stack(0x000000001a030000,0x000000001a130000)]
  0x000000001828c800 JavaThread "Service Thread" daemon [_thread_blocked, id=21512, stack(0x0000000018660000,0x0000000018760000)]
  0x0000000016903000 JavaThread "C1 CompilerThread2" daemon [_thread_blocked, id=18344, stack(0x0000000018160000,0x0000000018260000)]
=>0x00000000168fb800 JavaThread "C2 CompilerThread1" daemon [_thread_in_native, id=17320, stack(0x0000000018060000,0x0000000018160000)]
  0x00000000168f7000 JavaThread "C2 CompilerThread0" daemon [_thread_in_native, id=22772, stack(0x0000000017f60000,0x0000000018060000)]
  0x00000000168f5800 JavaThread "Attach Listener" daemon [_thread_blocked, id=16380, stack(0x0000000017e60000,0x0000000017f60000)]
  0x00000000168f4000 JavaThread "Signal Dispatcher" daemon [_thread_blocked, id=21952, stack(0x0000000017d60000,0x0000000017e60000)]
  0x0000000002f75800 JavaThread "Finalizer" daemon [_thread_blocked, id=13132, stack(0x0000000017b50000,0x0000000017c50000)]
  0x00000000168d9000 JavaThread "Reference Handler" daemon [_thread_blocked, id=21228, stack(0x0000000017a50000,0x0000000017b50000)]
  0x0000000000dce800 JavaThread "main" [_thread_blocked, id=9720, stack(0x0000000001570000,0x0000000001670000)]

Other Threads:
  0x00000000168b6800 VMThread [stack: 0x0000000017950000,0x0000000017a50000] [id=12912]
  0x000000001828d000 WatcherThread [stack: 0x0000000018760000,0x0000000018860000] [id=1748]

VM state:not at safepoint (normal execution)

VM Mutex/Monitor currently owned by a thread: None

heap address: 0x00000000a0000000, size: 1536 MB, Compressed Oops mode: 32-bit
Narrow klass base: 0x0000000000000000, Narrow klass shift: 3
Compressed class space size: 1073741824 Address: 0x0000000100000000

Heap:
 PSYoungGen      total 130048K, used 114725K [0x00000000e0000000, 0x00000000e9900000, 0x0000000100000000)
  eden space 116736K, 98% used [0x00000000e0000000,0x00000000e70097c8,0x00000000e7200000)
  from space 13312K, 0% used [0x00000000e7f00000,0x00000000e7f00000,0x00000000e8c00000)
  to   space 13312K, 0% used [0x00000000e7200000,0x00000000e7200000,0x00000000e7f00000)
 ParOldGen       total 126976K, used 16847K [0x00000000a0000000, 0x00000000a7c00000, 0x00000000e0000000)
  object space 126976K, 13% used [0x00000000a0000000,0x00000000a1073f20,0x00000000a7c00000)
 Metaspace       used 45501K, capacity 46578K, committed 46720K, reserved 1089536K
  class space    used 6125K, capacity 6450K, committed 6528K, reserved 1048576K

Card table byte_map: [0x0000000012340000,0x0000000012650000] byte_map_base: 0x0000000011e40000

Marking Bits: (ParMarkBitMap*) 0x0000000071029f30
 Begin Bits: [0x0000000012c50000, 0x0000000014450000)
 End Bits:   [0x0000000014450000, 0x0000000015c50000)

Polling page: 0x0000000001200000

CodeCache: size=245760Kb used=13228Kb max_used=13228Kb free=232531Kb
 bounds [0x0000000002f80000, 0x0000000003c80000, 0x0000000011f80000]
 total_blobs=4653 nmethods=3895 adapters=670
 compilation: enabled

Compilation events (10 events):
Event: 19.546 Thread 0x0000000016903000 4131       3       java.util.LinkedList$ListItr::hasPrevious (13 bytes)
Event: 19.546 Thread 0x0000000016903000 nmethod 4131 0x0000000003c6e110 code [0x0000000003c6e260, 0x0000000003c6e410]
Event: 19.719 Thread 0x0000000016903000 4132       3       com.sun.beans.TypeResolver::prepare (237 bytes)
Event: 19.721 Thread 0x0000000016903000 nmethod 4132 0x0000000003c70490 code [0x0000000003c70800, 0x0000000003c72488]
Event: 19.721 Thread 0x0000000016903000 4133       3       com.sun.beans.WeakCache::get (42 bytes)
Event: 19.722 Thread 0x0000000016903000 nmethod 4133 0x0000000003c6d8d0 code [0x0000000003c6da60, 0x0000000003c6df88]
Event: 19.722 Thread 0x0000000016903000 4134       3       java.beans.PropertyDescriptor::<init> (112 bytes)
Event: 19.722 Thread 0x0000000016903000 nmethod 4134 0x0000000003c6cc90 code [0x0000000003c6ce60, 0x0000000003c6d5e8]
Event: 19.722 Thread 0x0000000016903000 4135   !   3       java.beans.PropertyDescriptor::updateGenericsFor (37 bytes)
Event: 19.723 Thread 0x0000000016903000 nmethod 4135 0x0000000003c73010 code [0x0000000003c73280, 0x0000000003c743f8]

GC Heap History (10 events):
Event: 11.269 GC heap before
{Heap before GC invocations=6 (full 1):
 PSYoungGen      total 57344K, used 49152K [0x00000000e0000000, 0x00000000e4000000, 0x0000000100000000)
  eden space 49152K, 100% used [0x00000000e0000000,0x00000000e3000000,0x00000000e3000000)
  from space 8192K, 0% used [0x00000000e3800000,0x00000000e3800000,0x00000000e4000000)
  to   space 8192K, 0% used [0x00000000e3000000,0x00000000e3000000,0x00000000e3800000)
 ParOldGen       total 89088K, used 9975K [0x00000000a0000000, 0x00000000a5700000, 0x00000000e0000000)
  object space 89088K, 11% used [0x00000000a0000000,0x00000000a09bdd80,0x00000000a5700000)
 Metaspace       used 27425K, capacity 27928K, committed 28288K, reserved 1073152K
  class space    used 3736K, capacity 3901K, committed 3968K, reserved 1048576K
Event: 11.278 GC heap after
Heap after GC invocations=6 (full 1):
 PSYoungGen      total 57344K, used 6593K [0x00000000e0000000, 0x00000000e5e80000, 0x0000000100000000)
  eden space 49152K, 0% used [0x00000000e0000000,0x00000000e0000000,0x00000000e3000000)
  from space 8192K, 80% used [0x00000000e3000000,0x00000000e3670788,0x00000000e3800000)
  to   space 12288K, 0% used [0x00000000e5280000,0x00000000e5280000,0x00000000e5e80000)
 ParOldGen       total 89088K, used 9983K [0x00000000a0000000, 0x00000000a5700000, 0x00000000e0000000)
  object space 89088K, 11% used [0x00000000a0000000,0x00000000a09bfd80,0x00000000a5700000)
 Metaspace       used 27425K, capacity 27928K, committed 28288K, reserved 1073152K
  class space    used 3736K, capacity 3901K, committed 3968K, reserved 1048576K
}
Event: 12.374 GC heap before
{Heap before GC invocations=7 (full 1):
 PSYoungGen      total 57344K, used 55745K [0x00000000e0000000, 0x00000000e5e80000, 0x0000000100000000)
  eden space 49152K, 100% used [0x00000000e0000000,0x00000000e3000000,0x00000000e3000000)
  from space 8192K, 80% used [0x00000000e3000000,0x00000000e3670788,0x00000000e3800000)
  to   space 12288K, 0% used [0x00000000e5280000,0x00000000e5280000,0x00000000e5e80000)
 ParOldGen       total 89088K, used 9983K [0x00000000a0000000, 0x00000000a5700000, 0x00000000e0000000)
  object space 89088K, 11% used [0x00000000a0000000,0x00000000a09bfd80,0x00000000a5700000)
 Metaspace       used 30476K, capacity 30942K, committed 31232K, reserved 1077248K
  class space    used 4148K, capacity 4304K, committed 4352K, reserved 1048576K
Event: 12.399 GC heap after
Heap after GC invocations=7 (full 1):
 PSYoungGen      total 84992K, used 6735K [0x00000000e0000000, 0x00000000e6380000, 0x0000000100000000)
  eden space 72704K, 0% used [0x00000000e0000000,0x00000000e0000000,0x00000000e4700000)
  from space 12288K, 54% used [0x00000000e5280000,0x00000000e5913ff8,0x00000000e5e80000)
  to   space 11776K, 0% used [0x00000000e4700000,0x00000000e4700000,0x00000000e5280000)
 ParOldGen       total 89088K, used 9991K [0x00000000a0000000, 0x00000000a5700000, 0x00000000e0000000)
  object space 89088K, 11% used [0x00000000a0000000,0x00000000a09c1d80,0x00000000a5700000)
 Metaspace       used 30476K, capacity 30942K, committed 31232K, reserved 1077248K
  class space    used 4148K, capacity 4304K, committed 4352K, reserved 1048576K
}
Event: 15.577 GC heap before
{Heap before GC invocations=8 (full 1):
 PSYoungGen      total 84992K, used 79439K [0x00000000e0000000, 0x00000000e6380000, 0x0000000100000000)
  eden space 72704K, 100% used [0x00000000e0000000,0x00000000e4700000,0x00000000e4700000)
  from space 12288K, 54% used [0x00000000e5280000,0x00000000e5913ff8,0x00000000e5e80000)
  to   space 11776K, 0% used [0x00000000e4700000,0x00000000e4700000,0x00000000e5280000)
 ParOldGen       total 89088K, used 9991K [0x00000000a0000000, 0x00000000a5700000, 0x00000000e0000000)
  object space 89088K, 11% used [0x00000000a0000000,0x00000000a09c1d80,0x00000000a5700000)
 Metaspace       used 34232K, capacity 34814K, committed 35200K, reserved 1079296K
  class space    used 4701K, capacity 4880K, committed 4992K, reserved 1048576K
Event: 15.622 GC heap after
Heap after GC invocations=8 (full 1):
 PSYoungGen      total 84480K, used 11752K [0x00000000e0000000, 0x00000000e8c00000, 0x0000000100000000)
  eden space 72704K, 0% used [0x00000000e0000000,0x00000000e0000000,0x00000000e4700000)
  from space 11776K, 99% used [0x00000000e4700000,0x00000000e527a010,0x00000000e5280000)
  to   space 13312K, 0% used [0x00000000e7f00000,0x00000000e7f00000,0x00000000e8c00000)
 ParOldGen       total 89088K, used 10099K [0x00000000a0000000, 0x00000000a5700000, 0x00000000e0000000)
  object space 89088K, 11% used [0x00000000a0000000,0x00000000a09dccb8,0x00000000a5700000)
 Metaspace       used 34232K, capacity 34814K, committed 35200K, reserved 1079296K
  class space    used 4701K, capacity 4880K, committed 4992K, reserved 1048576K
}
Event: 15.980 GC heap before
{Heap before GC invocations=9 (full 1):
 PSYoungGen      total 84480K, used 28487K [0x00000000e0000000, 0x00000000e8c00000, 0x0000000100000000)
  eden space 72704K, 23% used [0x00000000e0000000,0x00000000e1057e60,0x00000000e4700000)
  from space 11776K, 99% used [0x00000000e4700000,0x00000000e527a010,0x00000000e5280000)
  to   space 13312K, 0% used [0x00000000e7f00000,0x00000000e7f00000,0x00000000e8c00000)
 ParOldGen       total 89088K, used 10099K [0x00000000a0000000, 0x00000000a5700000, 0x00000000e0000000)
  object space 89088K, 11% used [0x00000000a0000000,0x00000000a09dccb8,0x00000000a5700000)
 Metaspace       used 34726K, capacity 35404K, committed 35456K, reserved 1079296K
  class space    used 4780K, capacity 4988K, committed 4992K, reserved 1048576K
Event: 16.009 GC heap after
Heap after GC invocations=9 (full 1):
 PSYoungGen      total 130048K, used 9870K [0x00000000e0000000, 0x00000000e9900000, 0x0000000100000000)
  eden space 116736K, 0% used [0x00000000e0000000,0x00000000e0000000,0x00000000e7200000)
  from space 13312K, 74% used [0x00000000e7f00000,0x00000000e88a3ab0,0x00000000e8c00000)
  to   space 13312K, 0% used [0x00000000e7200000,0x00000000e7200000,0x00000000e7f00000)
 ParOldGen       total 89088K, used 10107K [0x00000000a0000000, 0x00000000a5700000, 0x00000000e0000000)
  object space 89088K, 11% used [0x00000000a0000000,0x00000000a09decb8,0x00000000a5700000)
 Metaspace       used 34726K, capacity 35404K, committed 35456K, reserved 1079296K
  class space    used 4780K, capacity 4988K, committed 4992K, reserved 1048576K
}
Event: 16.009 GC heap before
{Heap before GC invocations=10 (full 2):
 PSYoungGen      total 130048K, used 9870K [0x00000000e0000000, 0x00000000e9900000, 0x0000000100000000)
  eden space 116736K, 0% used [0x00000000e0000000,0x00000000e0000000,0x00000000e7200000)
  from space 13312K, 74% used [0x00000000e7f00000,0x00000000e88a3ab0,0x00000000e8c00000)
  to   space 13312K, 0% used [0x00000000e7200000,0x00000000e7200000,0x00000000e7f00000)
 ParOldGen       total 89088K, used 10107K [0x00000000a0000000, 0x00000000a5700000, 0x00000000e0000000)
  object space 89088K, 11% used [0x00000000a0000000,0x00000000a09decb8,0x00000000a5700000)
 Metaspace       used 34726K, capacity 35404K, committed 35456K, reserved 1079296K
  class space    used 4780K, capacity 4988K, committed 4992K, reserved 1048576K
Event: 16.189 GC heap after
Heap after GC invocations=10 (full 2):
 PSYoungGen      total 130048K, used 0K [0x00000000e0000000, 0x00000000e9900000, 0x0000000100000000)
  eden space 116736K, 0% used [0x00000000e0000000,0x00000000e0000000,0x00000000e7200000)
  from space 13312K, 0% used [0x00000000e7f00000,0x00000000e7f00000,0x00000000e8c00000)
  to   space 13312K, 0% used [0x00000000e7200000,0x00000000e7200000,0x00000000e7f00000)
 ParOldGen       total 126976K, used 16847K [0x00000000a0000000, 0x00000000a7c00000, 0x00000000e0000000)
  object space 126976K, 13% used [0x00000000a0000000,0x00000000a1073f20,0x00000000a7c00000)
 Metaspace       used 34726K, capacity 35404K, committed 35456K, reserved 1079296K
  class space    used 4780K, capacity 4988K, committed 4992K, reserved 1048576K
}

Deoptimization events (10 events):
Event: 17.542 Thread 0x0000000019b90800 Uncommon trap: reason=unstable_if action=reinterpret pc=0x00000000035161ec method=java.security.CodeSource.getCertificates()[Ljava/security/cert/Certificate; @ 22
Event: 17.545 Thread 0x0000000019b90800 Uncommon trap: reason=unstable_if action=reinterpret pc=0x00000000037f00d0 method=java.util.jar.JarFile.maybeInstantiateVerifier()V @ 4
Event: 17.545 Thread 0x0000000019b90800 Uncommon trap: reason=unstable_if action=reinterpret pc=0x00000000038843e8 method=java.util.jar.JarFile.maybeInstantiateVerifier()V @ 4
Event: 17.580 Thread 0x0000000019b90800 Uncommon trap: reason=unstable_if action=reinterpret pc=0x0000000003a87e7c method=java.security.CodeSource.matchCerts(Ljava/security/CodeSource;Z)Z @ 11
Event: 17.695 Thread 0x0000000019b90800 Uncommon trap: reason=unstable_if action=reinterpret pc=0x000000000397cac0 method=java.util.LinkedHashMap.get(Ljava/lang/Object;)Ljava/lang/Object; @ 20
Event: 17.729 Thread 0x0000000019b90800 Uncommon trap: reason=unstable_if action=reinterpret pc=0x0000000003a89efc method=java.security.CodeSource.matchCerts(Ljava/security/CodeSource;Z)Z @ 11
Event: 17.768 Thread 0x0000000019b90800 Uncommon trap: reason=unstable_if action=reinterpret pc=0x00000000030e77e8 method=org.objectweb.asm.ByteVector.putUTF8(Ljava/lang/String;)Lorg/objectweb/asm/ByteVector; @ 93
Event: 17.939 Thread 0x0000000019b90800 Uncommon trap: reason=unstable_if action=reinterpret pc=0x0000000003a94e00 method=java.util.concurrent.ConcurrentHashMap.addCount(JI)V @ 110
Event: 18.575 Thread 0x0000000019b90800 Uncommon trap: reason=unstable_if action=reinterpret pc=0x0000000003bdfaa0 method=com.google.gson.stream.JsonReader.doPeek()I @ 315
Event: 18.837 Thread 0x0000000019b90800 Uncommon trap: reason=unstable_if action=reinterpret pc=0x00000000030b2860 method=org.gradle.internal.reflect.PropertyAccessorType.of(Ljava/lang/reflect/Method;)Lorg/gradle/internal/reflect/PropertyAccessorType; @ 56

Classes redefined (0 events):
No events

Internal exceptions (10 events):
Event: 19.356 Thread 0x0000000019b90800 Exception <a 'java/lang/ClassNotFoundException': org/gradle/api/internal/NamedDomainObjectContainerConfigureDelegateBeanInfo> (0x00000000e6aa7270) thrown at [D:\src\AOSP-openjdk-cygwin\jdk8u\hotspot\src\share\vm\classfile\systemDictionary.cpp, line 210]
Event: 19.357 Thread 0x0000000019b90800 Exception <a 'java/lang/ClassNotFoundException': org/gradle/api/internal/NamedDomainObjectContainerConfigureDelegateCustomizer> (0x00000000e6ae8ea0) thrown at [D:\src\AOSP-openjdk-cygwin\jdk8u\hotspot\src\share\vm\classfile\systemDictionary.cpp, line 210]
Event: 19.567 Thread 0x0000000019b90800 Exception <a 'java/lang/ClassNotFoundException': org/gradle/api/internal/FactoryNamedDomainObjectContainer_DecoratedBeanInfo> (0x00000000e6d474f0) thrown at [D:\src\AOSP-openjdk-cygwin\jdk8u\hotspot\src\share\vm\classfile\systemDictionary.cpp, line 210]
Event: 19.568 Thread 0x0000000019b90800 Exception <a 'java/lang/ClassNotFoundException': org/gradle/api/internal/FactoryNamedDomainObjectContainerBeanInfo> (0x00000000e6d82ac0) thrown at [D:\src\AOSP-openjdk-cygwin\jdk8u\hotspot\src\share\vm\classfile\systemDictionary.cpp, line 210]
Event: 19.570 Thread 0x0000000019b90800 Exception <a 'java/lang/ClassNotFoundException': org/gradle/api/internal/AbstractNamedDomainObjectContainerBeanInfo> (0x00000000e6dbe088) thrown at [D:\src\AOSP-openjdk-cygwin\jdk8u\hotspot\src\share\vm\classfile\systemDictionary.cpp, line 210]
Event: 19.572 Thread 0x0000000019b90800 Exception <a 'java/lang/ClassNotFoundException': org/gradle/api/internal/DefaultNamedDomainObjectSetBeanInfo> (0x00000000e6df7b78) thrown at [D:\src\AOSP-openjdk-cygwin\jdk8u\hotspot\src\share\vm\classfile\systemDictionary.cpp, line 210]
Event: 19.719 Thread 0x0000000019b90800 Exception <a 'java/lang/ClassNotFoundException': org/gradle/api/internal/DefaultNamedDomainObjectSetCustomizer> (0x00000000e6e31820) thrown at [D:\src\AOSP-openjdk-cygwin\jdk8u\hotspot\src\share\vm\classfile\systemDictionary.cpp, line 210]
Event: 19.724 Thread 0x0000000019b90800 Exception <a 'java/lang/ClassNotFoundException': org/gradle/api/internal/AbstractNamedDomainObjectContainerCustomizer> (0x00000000e6e89c70) thrown at [D:\src\AOSP-openjdk-cygwin\jdk8u\hotspot\src\share\vm\classfile\systemDictionary.cpp, line 210]
Event: 19.727 Thread 0x0000000019b90800 Exception <a 'java/lang/ClassNotFoundException': org/gradle/api/internal/FactoryNamedDomainObjectContainerCustomizer> (0x00000000e6ee0240) thrown at [D:\src\AOSP-openjdk-cygwin\jdk8u\hotspot\src\share\vm\classfile\systemDictionary.cpp, line 210]
Event: 19.729 Thread 0x0000000019b90800 Exception <a 'java/lang/ClassNotFoundException': org/gradle/api/internal/FactoryNamedDomainObjectContainer_DecoratedCustomizer> (0x00000000e6f2e508) thrown at [D:\src\AOSP-openjdk-cygwin\jdk8u\hotspot\src\share\vm\classfile\systemDictionary.cpp, line 210]

Events (10 events):
Event: 19.727 loading class org/gradle/api/internal/FactoryNamedDomainObjectContainerCustomizer
Event: 19.727 loading class org/gradle/api/internal/FactoryNamedDomainObjectContainerCustomizer done
Event: 19.728 loading class org/gradle/api/internal/FactoryNamedDomainObjectContainer_DecoratedCustomizer
Event: 19.728 loading class org/gradle/api/internal/FactoryNamedDomainObjectContainer_DecoratedCustomizer done
Event: 19.728 loading class org/gradle/api/internal/FactoryNamedDomainObjectContainer_DecoratedCustomizer
Event: 19.728 loading class org/gradle/api/internal/FactoryNamedDomainObjectContainer_DecoratedCustomizer done
Event: 19.728 loading class org/gradle/api/internal/FactoryNamedDomainObjectContainer_DecoratedCustomizer
Event: 19.728 loading class org/gradle/api/internal/FactoryNamedDomainObjectContainer_DecoratedCustomizer done
Event: 19.729 loading class org/gradle/api/internal/FactoryNamedDomainObjectContainer_DecoratedCustomizer
Event: 19.729 loading class org/gradle/api/internal/FactoryNamedDomainObjectContainer_DecoratedCustomizer done


Dynamic libraries:
0x00007ff7ac180000 - 0x00007ff7ac1b1000 	C:\Program Files\Android\Android Studio\jre\bin\java.exe
0x00007ffc3e3e0000 - 0x00007ffc3e5d0000 	C:\WINDOWS\SYSTEM32\ntdll.dll
0x00007ffc3e2e0000 - 0x00007ffc3e392000 	C:\WINDOWS\System32\KERNEL32.DLL
0x00007ffc3b820000 - 0x00007ffc3bac3000 	C:\WINDOWS\System32\KERNELBASE.dll
0x00007ffc3e160000 - 0x00007ffc3e203000 	C:\WINDOWS\System32\ADVAPI32.dll
0x00007ffc3e220000 - 0x00007ffc3e2be000 	C:\WINDOWS\System32\msvcrt.dll
0x00007ffc3d650000 - 0x00007ffc3d6e7000 	C:\WINDOWS\System32\sechost.dll
0x00007ffc3c4c0000 - 0x00007ffc3c5e0000 	C:\WINDOWS\System32\RPCRT4.dll
0x00007ffc3c7a0000 - 0x00007ffc3c934000 	C:\WINDOWS\System32\USER32.dll
0x00007ffc3b490000 - 0x00007ffc3b4b1000 	C:\WINDOWS\System32\win32u.dll
0x00007ffc3c490000 - 0x00007ffc3c4b6000 	C:\WINDOWS\System32\GDI32.dll
0x00007ffc3b520000 - 0x00007ffc3b6b4000 	C:\WINDOWS\System32\gdi32full.dll
0x00007ffc3bc70000 - 0x00007ffc3bd0e000 	C:\WINDOWS\System32\msvcp_win.dll
0x00007ffc3b370000 - 0x00007ffc3b46a000 	C:\WINDOWS\System32\ucrtbase.dll
0x00007ffc33430000 - 0x00007ffc336b5000 	C:\WINDOWS\WinSxS\amd64_microsoft.windows.common-controls_6595b64144ccf1df_6.0.18362.778_none_e6c6b761130d4fb8\COMCTL32.dll
0x00007ffc3d2a0000 - 0x00007ffc3d5d6000 	C:\WINDOWS\System32\combase.dll
0x00007ffc3b6f0000 - 0x00007ffc3b770000 	C:\WINDOWS\System32\bcryptPrimitives.dll
0x00007ffc3d1a0000 - 0x00007ffc3d1ce000 	C:\WINDOWS\System32\IMM32.DLL
0x00000000706a0000 - 0x0000000070772000 	C:\Program Files\Android\Android Studio\jre\jre\bin\msvcr100.dll
0x0000000070860000 - 0x00000000710a6000 	C:\Program Files\Android\Android Studio\jre\jre\bin\server\jvm.dll
0x00007ffc3e210000 - 0x00007ffc3e218000 	C:\WINDOWS\System32\PSAPI.DLL
0x00007ffc32bc0000 - 0x00007ffc32bc9000 	C:\WINDOWS\SYSTEM32\WSOCK32.dll
0x00007ffc3d5e0000 - 0x00007ffc3d64f000 	C:\WINDOWS\System32\WS2_32.dll
0x00007ffc314a0000 - 0x00007ffc314c4000 	C:\WINDOWS\SYSTEM32\WINMM.dll
0x00007ffc36750000 - 0x00007ffc3675a000 	C:\WINDOWS\SYSTEM32\VERSION.dll
0x00007ffc31470000 - 0x00007ffc3149d000 	C:\WINDOWS\SYSTEM32\WINMMBASE.dll
0x00007ffc3bc20000 - 0x00007ffc3bc6a000 	C:\WINDOWS\System32\cfgmgr32.dll
0x00007ffc2eea0000 - 0x00007ffc2eeaf000 	C:\Program Files\Android\Android Studio\jre\jre\bin\verify.dll
0x00007ffc27470000 - 0x00007ffc27499000 	C:\Program Files\Android\Android Studio\jre\jre\bin\java.dll
0x00007ffc2c090000 - 0x00007ffc2c0a6000 	C:\Program Files\Android\Android Studio\jre\jre\bin\zip.dll
0x00007ffc3da00000 - 0x00007ffc3e0e5000 	C:\WINDOWS\System32\SHELL32.dll
0x00007ffc3cb30000 - 0x00007ffc3cbd9000 	C:\WINDOWS\System32\shcore.dll
0x00007ffc3bd10000 - 0x00007ffc3c490000 	C:\WINDOWS\System32\windows.storage.dll
0x00007ffc3b340000 - 0x00007ffc3b363000 	C:\WINDOWS\System32\profapi.dll
0x00007ffc3b2d0000 - 0x00007ffc3b31a000 	C:\WINDOWS\System32\powrprof.dll
0x00007ffc3b2a0000 - 0x00007ffc3b2b0000 	C:\WINDOWS\System32\UMPDC.dll
0x00007ffc3c740000 - 0x00007ffc3c792000 	C:\WINDOWS\System32\shlwapi.dll
0x00007ffc3b320000 - 0x00007ffc3b331000 	C:\WINDOWS\System32\kernel.appcore.dll
0x00007ffc3b470000 - 0x00007ffc3b487000 	C:\WINDOWS\System32\cryptsp.dll
0x00007ffc27e40000 - 0x00007ffc27e5a000 	C:\Program Files\Android\Android Studio\jre\jre\bin\net.dll
0x00007ffc3ab10000 - 0x00007ffc3ab77000 	C:\WINDOWS\system32\mswsock.dll
0x00007ffc27b50000 - 0x00007ffc27b61000 	C:\Program Files\Android\Android Studio\jre\jre\bin\nio.dll
0x00007ffc2ef70000 - 0x00007ffc2ef96000 	C:\Users\tukta\.gradle\native\29\windows-amd64\native-platform.dll
0x00007ffc2d8a0000 - 0x00007ffc2d8ad000 	C:\Program Files\Android\Android Studio\jre\jre\bin\management.dll
0x00007ffc3a680000 - 0x00007ffc3a6b3000 	C:\WINDOWS\system32\rsaenh.dll
0x00007ffc3b6c0000 - 0x00007ffc3b6e6000 	C:\WINDOWS\System32\bcrypt.dll
0x00007ffc3b190000 - 0x00007ffc3b1b5000 	C:\WINDOWS\SYSTEM32\USERENV.dll
0x00007ffc3ace0000 - 0x00007ffc3acec000 	C:\WINDOWS\SYSTEM32\CRYPTBASE.dll
0x00007ffc3a820000 - 0x00007ffc3a85a000 	C:\WINDOWS\SYSTEM32\IPHLPAPI.DLL
0x00007ffc3d190000 - 0x00007ffc3d198000 	C:\WINDOWS\System32\NSI.dll
0x00007ffc35dc0000 - 0x00007ffc35dd6000 	C:\WINDOWS\SYSTEM32\dhcpcsvc6.DLL
0x00007ffc35e50000 - 0x00007ffc35e6c000 	C:\WINDOWS\SYSTEM32\dhcpcsvc.DLL
0x00007ffc3a8b0000 - 0x00007ffc3a97a000 	C:\WINDOWS\SYSTEM32\DNSAPI.dll

VM Arguments:
jvm_args: -Xmx1536m -Dfile.encoding=windows-1251 -Duser.country=RU -Duser.language=ru -Duser.variant 
java_command: org.gradle.launcher.daemon.bootstrap.GradleDaemon 5.4.1
java_class_path (initial): C:\Users\tukta\.gradle\wrapper\dists\gradle-5.4.1-all\3221gyojl5jsh0helicew7rwx\gradle-5.4.1\lib\gradle-launcher-5.4.1.jar
Launcher Type: SUN_STANDARD

Environment Variables:
PATH=C:\Program Files (x86)\Intel\iCLS Client\;C:\Program Files\Intel\iCLS Client\;C:\Program Files (x86)\Common Files\Oracle\Java\javapath;C:\ProgramData\Oracle\Java\javapath;C:\Program Files\Broadcom\Broadcom 802.11 Network Adapter;C:\WINDOWS\system32;C:\WINDOWS;C:\WINDOWS\System32\Wbem;C:\WINDOWS\System32\WindowsPowerShell\v1.0\;C:\Program Files (x86)\GtkSharp\2.12\bin;C:\WINDOWS\System32\OpenSSH\;C:\webdrivers;C:\Program Files (x86)\Intel\Intel(R) Management Engine Components\DAL;C:\Program Files\Intel\Intel(R) Management Engine Components\DAL;C:\Program Files (x86)\Intel\Intel(R) Management Engine Components\IPT;C:\Program Files\Intel\Intel(R) Management Engine Components\IPT;C:\Program Files\Git\cmd;C:\Program Files\nodejs\;C:\Users\tukta\AppData\Local\Microsoft\WindowsApps;C:\Users\tukta\AppData\Local\GitHubDesktop\bin;C:\Users\tukta\AppData\Local\Microsoft\WindowsApps;C:\Users\tukta\AppData\Roaming\npm;C:\Users\tukta\AppData\Local\atom\bin;C:\Program Files\heroku\bin;C:\Program Files\PostgreSQL\9.6\bin;
USERNAME=tukta
OS=Windows_NT
PROCESSOR_IDENTIFIER=Intel64 Family 6 Model 78 Stepping 3, GenuineIntel



---------------  S Y S T E M  ---------------

OS: Windows 10.0 , 64 bit Build 18362 (10.0.18362.778)

CPU:total 4 (initial active 4) (2 cores per cpu, 2 threads per core) family 6 model 78 stepping 3, cmov, cx8, fxsr, mmx, sse, sse2, sse3, ssse3, sse4.1, sse4.2, popcnt, avx, avx2, aes, clmul, erms, 3dnowpref, lzcnt, ht, tsc, tscinvbit, bmi1, bmi2, adx

Memory: 4k page, physical 12471200k(2039532k free), swap 14568352k(3912k free)

vm_info: OpenJDK 64-Bit Server VM (25.202-b03) for windows-amd64 JRE (1.8.0_202-release-1483-b03), built by "builder" with MS VC++ 10.0 (VS2010)

time: Sun May 24 11:12:54 2020
timezone: RTZ 2 (зима)
elapsed time: 19 seconds (0d 0h 0m 19s)

